<?xml version="1.0" encoding="UTF-8"?>
<testsuite xmlns:xsi="http://www.w3.org/2001/XMLSchema-instance" xsi:noNamespaceSchemaLocation="https://maven.apache.org/surefire/maven-surefire-plugin/xsd/surefire-test-report-3.0.xsd" version="3.0" name="com.duoc.medical.MedicalApplicationTests" time="7.46" tests="1" errors="0" skipped="0" failures="0">
  <properties>
    <property name="java.specification.version" value="21"/>
    <property name="sun.jnu.encoding" value="UTF-8"/>
    <property name="java.class.path" value="/home/gustavo-romero/Documentos/Ingeniería en desarrollo de software/Bimestre V/Desarrollo Cloud Native I/Git/kafka/medical/target/test-classes:/home/gustavo-romero/Documentos/Ingeniería en desarrollo de software/Bimestre V/Desarrollo Cloud Native I/Git/kafka/medical/target/classes:/home/gustavo-romero/.m2/repository/org/springframework/boot/spring-boot-starter-web/3.3.5/spring-boot-starter-web-3.3.5.jar:/home/gustavo-romero/.m2/repository/org/springframework/boot/spring-boot-starter/3.3.5/spring-boot-starter-3.3.5.jar:/home/gustavo-romero/.m2/repository/org/springframework/boot/spring-boot/3.3.5/spring-boot-3.3.5.jar:/home/gustavo-romero/.m2/repository/org/springframework/boot/spring-boot-autoconfigure/3.3.5/spring-boot-autoconfigure-3.3.5.jar:/home/gustavo-romero/.m2/repository/org/springframework/boot/spring-boot-starter-logging/3.3.5/spring-boot-starter-logging-3.3.5.jar:/home/gustavo-romero/.m2/repository/ch/qos/logback/logback-classic/1.5.11/logback-classic-1.5.11.jar:/home/gustavo-romero/.m2/repository/ch/qos/logback/logback-core/1.5.11/logback-core-1.5.11.jar:/home/gustavo-romero/.m2/repository/org/apache/logging/log4j/log4j-to-slf4j/2.23.1/log4j-to-slf4j-2.23.1.jar:/home/gustavo-romero/.m2/repository/org/apache/logging/log4j/log4j-api/2.23.1/log4j-api-2.23.1.jar:/home/gustavo-romero/.m2/repository/org/slf4j/jul-to-slf4j/2.0.16/jul-to-slf4j-2.0.16.jar:/home/gustavo-romero/.m2/repository/jakarta/annotation/jakarta.annotation-api/2.1.1/jakarta.annotation-api-2.1.1.jar:/home/gustavo-romero/.m2/repository/org/yaml/snakeyaml/2.2/snakeyaml-2.2.jar:/home/gustavo-romero/.m2/repository/org/springframework/boot/spring-boot-starter-json/3.3.5/spring-boot-starter-json-3.3.5.jar:/home/gustavo-romero/.m2/repository/com/fasterxml/jackson/core/jackson-databind/2.17.2/jackson-databind-2.17.2.jar:/home/gustavo-romero/.m2/repository/com/fasterxml/jackson/core/jackson-annotations/2.17.2/jackson-annotations-2.17.2.jar:/home/gustavo-romero/.m2/repository/com/fasterxml/jackson/core/jackson-core/2.17.2/jackson-core-2.17.2.jar:/home/gustavo-romero/.m2/repository/com/fasterxml/jackson/datatype/jackson-datatype-jdk8/2.17.2/jackson-datatype-jdk8-2.17.2.jar:/home/gustavo-romero/.m2/repository/com/fasterxml/jackson/datatype/jackson-datatype-jsr310/2.17.2/jackson-datatype-jsr310-2.17.2.jar:/home/gustavo-romero/.m2/repository/com/fasterxml/jackson/module/jackson-module-parameter-names/2.17.2/jackson-module-parameter-names-2.17.2.jar:/home/gustavo-romero/.m2/repository/org/springframework/boot/spring-boot-starter-tomcat/3.3.5/spring-boot-starter-tomcat-3.3.5.jar:/home/gustavo-romero/.m2/repository/org/apache/tomcat/embed/tomcat-embed-core/10.1.31/tomcat-embed-core-10.1.31.jar:/home/gustavo-romero/.m2/repository/org/apache/tomcat/embed/tomcat-embed-el/10.1.31/tomcat-embed-el-10.1.31.jar:/home/gustavo-romero/.m2/repository/org/apache/tomcat/embed/tomcat-embed-websocket/10.1.31/tomcat-embed-websocket-10.1.31.jar:/home/gustavo-romero/.m2/repository/org/springframework/spring-web/6.1.14/spring-web-6.1.14.jar:/home/gustavo-romero/.m2/repository/org/springframework/spring-beans/6.1.14/spring-beans-6.1.14.jar:/home/gustavo-romero/.m2/repository/org/springframework/spring-webmvc/6.1.14/spring-webmvc-6.1.14.jar:/home/gustavo-romero/.m2/repository/org/springframework/spring-aop/6.1.14/spring-aop-6.1.14.jar:/home/gustavo-romero/.m2/repository/org/springframework/spring-expression/6.1.14/spring-expression-6.1.14.jar:/home/gustavo-romero/.m2/repository/org/springframework/boot/spring-boot-starter-test/3.3.5/spring-boot-starter-test-3.3.5.jar:/home/gustavo-romero/.m2/repository/org/springframework/boot/spring-boot-test/3.3.5/spring-boot-test-3.3.5.jar:/home/gustavo-romero/.m2/repository/org/springframework/boot/spring-boot-test-autoconfigure/3.3.5/spring-boot-test-autoconfigure-3.3.5.jar:/home/gustavo-romero/.m2/repository/com/jayway/jsonpath/json-path/2.9.0/json-path-2.9.0.jar:/home/gustavo-romero/.m2/repository/org/slf4j/slf4j-api/2.0.16/slf4j-api-2.0.16.jar:/home/gustavo-romero/.m2/repository/jakarta/xml/bind/jakarta.xml.bind-api/4.0.2/jakarta.xml.bind-api-4.0.2.jar:/home/gustavo-romero/.m2/repository/jakarta/activation/jakarta.activation-api/2.1.3/jakarta.activation-api-2.1.3.jar:/home/gustavo-romero/.m2/repository/net/minidev/json-smart/2.5.1/json-smart-2.5.1.jar:/home/gustavo-romero/.m2/repository/net/minidev/accessors-smart/2.5.1/accessors-smart-2.5.1.jar:/home/gustavo-romero/.m2/repository/org/assertj/assertj-core/3.25.3/assertj-core-3.25.3.jar:/home/gustavo-romero/.m2/repository/net/bytebuddy/byte-buddy/1.14.19/byte-buddy-1.14.19.jar:/home/gustavo-romero/.m2/repository/org/awaitility/awaitility/4.2.2/awaitility-4.2.2.jar:/home/gustavo-romero/.m2/repository/org/hamcrest/hamcrest/2.2/hamcrest-2.2.jar:/home/gustavo-romero/.m2/repository/org/junit/jupiter/junit-jupiter/5.10.5/junit-jupiter-5.10.5.jar:/home/gustavo-romero/.m2/repository/org/junit/jupiter/junit-jupiter-api/5.10.5/junit-jupiter-api-5.10.5.jar:/home/gustavo-romero/.m2/repository/org/opentest4j/opentest4j/1.3.0/opentest4j-1.3.0.jar:/home/gustavo-romero/.m2/repository/org/junit/platform/junit-platform-commons/1.10.5/junit-platform-commons-1.10.5.jar:/home/gustavo-romero/.m2/repository/org/apiguardian/apiguardian-api/1.1.2/apiguardian-api-1.1.2.jar:/home/gustavo-romero/.m2/repository/org/junit/jupiter/junit-jupiter-params/5.10.5/junit-jupiter-params-5.10.5.jar:/home/gustavo-romero/.m2/repository/org/junit/jupiter/junit-jupiter-engine/5.10.5/junit-jupiter-engine-5.10.5.jar:/home/gustavo-romero/.m2/repository/org/junit/platform/junit-platform-engine/1.10.5/junit-platform-engine-1.10.5.jar:/home/gustavo-romero/.m2/repository/org/mockito/mockito-core/5.11.0/mockito-core-5.11.0.jar:/home/gustavo-romero/.m2/repository/net/bytebuddy/byte-buddy-agent/1.14.19/byte-buddy-agent-1.14.19.jar:/home/gustavo-romero/.m2/repository/org/objenesis/objenesis/3.3/objenesis-3.3.jar:/home/gustavo-romero/.m2/repository/org/mockito/mockito-junit-jupiter/5.11.0/mockito-junit-jupiter-5.11.0.jar:/home/gustavo-romero/.m2/repository/org/skyscreamer/jsonassert/1.5.3/jsonassert-1.5.3.jar:/home/gustavo-romero/.m2/repository/com/vaadin/external/google/android-json/0.0.20131108.vaadin1/android-json-0.0.20131108.vaadin1.jar:/home/gustavo-romero/.m2/repository/org/springframework/spring-core/6.1.14/spring-core-6.1.14.jar:/home/gustavo-romero/.m2/repository/org/springframework/spring-jcl/6.1.14/spring-jcl-6.1.14.jar:/home/gustavo-romero/.m2/repository/org/springframework/spring-test/6.1.14/spring-test-6.1.14.jar:/home/gustavo-romero/.m2/repository/org/xmlunit/xmlunit-core/2.9.1/xmlunit-core-2.9.1.jar:/home/gustavo-romero/.m2/repository/org/springframework/boot/spring-boot-starter-data-jpa/3.3.5/spring-boot-starter-data-jpa-3.3.5.jar:/home/gustavo-romero/.m2/repository/org/springframework/boot/spring-boot-starter-aop/3.3.5/spring-boot-starter-aop-3.3.5.jar:/home/gustavo-romero/.m2/repository/org/aspectj/aspectjweaver/1.9.22.1/aspectjweaver-1.9.22.1.jar:/home/gustavo-romero/.m2/repository/org/springframework/boot/spring-boot-starter-jdbc/3.3.5/spring-boot-starter-jdbc-3.3.5.jar:/home/gustavo-romero/.m2/repository/com/zaxxer/HikariCP/5.1.0/HikariCP-5.1.0.jar:/home/gustavo-romero/.m2/repository/org/springframework/spring-jdbc/6.1.14/spring-jdbc-6.1.14.jar:/home/gustavo-romero/.m2/repository/org/hibernate/orm/hibernate-core/6.5.3.Final/hibernate-core-6.5.3.Final.jar:/home/gustavo-romero/.m2/repository/jakarta/persistence/jakarta.persistence-api/3.1.0/jakarta.persistence-api-3.1.0.jar:/home/gustavo-romero/.m2/repository/jakarta/transaction/jakarta.transaction-api/2.0.1/jakarta.transaction-api-2.0.1.jar:/home/gustavo-romero/.m2/repository/org/jboss/logging/jboss-logging/3.5.3.Final/jboss-logging-3.5.3.Final.jar:/home/gustavo-romero/.m2/repository/org/hibernate/common/hibernate-commons-annotations/6.0.6.Final/hibernate-commons-annotations-6.0.6.Final.jar:/home/gustavo-romero/.m2/repository/io/smallrye/jandex/3.1.2/jandex-3.1.2.jar:/home/gustavo-romero/.m2/repository/com/fasterxml/classmate/1.7.0/classmate-1.7.0.jar:/home/gustavo-romero/.m2/repository/org/glassfish/jaxb/jaxb-runtime/4.0.5/jaxb-runtime-4.0.5.jar:/home/gustavo-romero/.m2/repository/org/glassfish/jaxb/jaxb-core/4.0.5/jaxb-core-4.0.5.jar:/home/gustavo-romero/.m2/repository/org/eclipse/angus/angus-activation/2.0.2/angus-activation-2.0.2.jar:/home/gustavo-romero/.m2/repository/org/glassfish/jaxb/txw2/4.0.5/txw2-4.0.5.jar:/home/gustavo-romero/.m2/repository/com/sun/istack/istack-commons-runtime/4.1.2/istack-commons-runtime-4.1.2.jar:/home/gustavo-romero/.m2/repository/jakarta/inject/jakarta.inject-api/2.0.1/jakarta.inject-api-2.0.1.jar:/home/gustavo-romero/.m2/repository/org/antlr/antlr4-runtime/4.13.0/antlr4-runtime-4.13.0.jar:/home/gustavo-romero/.m2/repository/org/springframework/data/spring-data-jpa/3.3.5/spring-data-jpa-3.3.5.jar:/home/gustavo-romero/.m2/repository/org/springframework/data/spring-data-commons/3.3.5/spring-data-commons-3.3.5.jar:/home/gustavo-romero/.m2/repository/org/springframework/spring-orm/6.1.14/spring-orm-6.1.14.jar:/home/gustavo-romero/.m2/repository/org/springframework/spring-aspects/6.1.14/spring-aspects-6.1.14.jar:/home/gustavo-romero/.m2/repository/org/springframework/kafka/spring-kafka/3.2.4/spring-kafka-3.2.4.jar:/home/gustavo-romero/.m2/repository/org/springframework/spring-context/6.1.14/spring-context-6.1.14.jar:/home/gustavo-romero/.m2/repository/org/springframework/spring-messaging/6.1.14/spring-messaging-6.1.14.jar:/home/gustavo-romero/.m2/repository/org/springframework/spring-tx/6.1.14/spring-tx-6.1.14.jar:/home/gustavo-romero/.m2/repository/org/springframework/retry/spring-retry/2.0.10/spring-retry-2.0.10.jar:/home/gustavo-romero/.m2/repository/org/apache/kafka/kafka-clients/3.7.1/kafka-clients-3.7.1.jar:/home/gustavo-romero/.m2/repository/com/github/luben/zstd-jni/1.5.6-3/zstd-jni-1.5.6-3.jar:/home/gustavo-romero/.m2/repository/org/lz4/lz4-java/1.8.0/lz4-java-1.8.0.jar:/home/gustavo-romero/.m2/repository/org/xerial/snappy/snappy-java/1.1.10.5/snappy-java-1.1.10.5.jar:/home/gustavo-romero/.m2/repository/io/micrometer/micrometer-observation/1.13.6/micrometer-observation-1.13.6.jar:/home/gustavo-romero/.m2/repository/io/micrometer/micrometer-commons/1.13.6/micrometer-commons-1.13.6.jar:/home/gustavo-romero/.m2/repository/com/oracle/database/jdbc/ojdbc8/21.9.0.0/ojdbc8-21.9.0.0.jar:/home/gustavo-romero/.m2/repository/com/oracle/database/security/oraclepki/21.9.0.0/oraclepki-21.9.0.0.jar:/home/gustavo-romero/.m2/repository/com/oracle/database/security/osdt_cert/21.9.0.0/osdt_cert-21.9.0.0.jar:/home/gustavo-romero/.m2/repository/com/oracle/database/security/osdt_core/21.9.0.0/osdt_core-21.9.0.0.jar:/home/gustavo-romero/.m2/repository/org/jacoco/jacoco-maven-plugin/0.8.12/jacoco-maven-plugin-0.8.12.jar:/home/gustavo-romero/.m2/repository/org/codehaus/plexus/plexus-utils/3.0.24/plexus-utils-3.0.24.jar:/home/gustavo-romero/.m2/repository/org/apache/maven/shared/file-management/3.1.0/file-management-3.1.0.jar:/home/gustavo-romero/.m2/repository/commons-io/commons-io/2.11.0/commons-io-2.11.0.jar:/home/gustavo-romero/.m2/repository/org/apache/maven/reporting/maven-reporting-api/3.0/maven-reporting-api-3.0.jar:/home/gustavo-romero/.m2/repository/org/apache/maven/doxia/doxia-sink-api/1.0/doxia-sink-api-1.0.jar:/home/gustavo-romero/.m2/repository/org/jacoco/org.jacoco.agent/0.8.12/org.jacoco.agent-0.8.12-runtime.jar:/home/gustavo-romero/.m2/repository/org/jacoco/org.jacoco.core/0.8.12/org.jacoco.core-0.8.12.jar:/home/gustavo-romero/.m2/repository/org/ow2/asm/asm/9.7/asm-9.7.jar:/home/gustavo-romero/.m2/repository/org/ow2/asm/asm-commons/9.7/asm-commons-9.7.jar:/home/gustavo-romero/.m2/repository/org/ow2/asm/asm-tree/9.7/asm-tree-9.7.jar:/home/gustavo-romero/.m2/repository/org/jacoco/org.jacoco.report/0.8.12/org.jacoco.report-0.8.12.jar:/home/gustavo-romero/.m2/repository/org/springframework/boot/spring-boot-starter-amqp/3.3.5/spring-boot-starter-amqp-3.3.5.jar:/home/gustavo-romero/.m2/repository/org/springframework/amqp/spring-rabbit/3.1.7/spring-rabbit-3.1.7.jar:/home/gustavo-romero/.m2/repository/org/springframework/amqp/spring-amqp/3.1.7/spring-amqp-3.1.7.jar:/home/gustavo-romero/.m2/repository/com/rabbitmq/amqp-client/5.21.0/amqp-client-5.21.0.jar:"/>
    <property name="java.vm.vendor" value="Amazon.com Inc."/>
    <property name="sun.arch.data.model" value="64"/>
    <property name="java.vendor.url" value="https://aws.amazon.com/corretto/"/>
    <property name="user.timezone" value="America/Santiago"/>
    <property name="org.jboss.logging.provider" value="slf4j"/>
    <property name="os.name" value="Linux"/>
    <property name="java.vm.specification.version" value="21"/>
    <property name="sun.java.launcher" value="SUN_STANDARD"/>
    <property name="user.country" value="ES"/>
    <property name="sun.boot.library.path" value="/home/gustavo-romero/.sdkman/candidates/java/21.0.5-amzn/lib"/>
    <property name="sun.java.command" value="/home/gustavo-romero/Documentos/Ingeniería en desarrollo de software/Bimestre V/Desarrollo Cloud Native I/Git/kafka/medical/target/surefire/surefirebooter-20250216132647469_3.jar /home/gustavo-romero/Documentos/Ingeniería en desarrollo de software/Bimestre V/Desarrollo Cloud Native I/Git/kafka/medical/target/surefire 2025-02-16T13-26-47_366-jvmRun1 surefire-20250216132647469_1tmp surefire_0-20250216132647469_2tmp"/>
    <property name="jdk.debug" value="release"/>
    <property name="surefire.test.class.path" value="/home/gustavo-romero/Documentos/Ingeniería en desarrollo de software/Bimestre V/Desarrollo Cloud Native I/Git/kafka/medical/target/test-classes:/home/gustavo-romero/Documentos/Ingeniería en desarrollo de software/Bimestre V/Desarrollo Cloud Native I/Git/kafka/medical/target/classes:/home/gustavo-romero/.m2/repository/org/springframework/boot/spring-boot-starter-web/3.3.5/spring-boot-starter-web-3.3.5.jar:/home/gustavo-romero/.m2/repository/org/springframework/boot/spring-boot-starter/3.3.5/spring-boot-starter-3.3.5.jar:/home/gustavo-romero/.m2/repository/org/springframework/boot/spring-boot/3.3.5/spring-boot-3.3.5.jar:/home/gustavo-romero/.m2/repository/org/springframework/boot/spring-boot-autoconfigure/3.3.5/spring-boot-autoconfigure-3.3.5.jar:/home/gustavo-romero/.m2/repository/org/springframework/boot/spring-boot-starter-logging/3.3.5/spring-boot-starter-logging-3.3.5.jar:/home/gustavo-romero/.m2/repository/ch/qos/logback/logback-classic/1.5.11/logback-classic-1.5.11.jar:/home/gustavo-romero/.m2/repository/ch/qos/logback/logback-core/1.5.11/logback-core-1.5.11.jar:/home/gustavo-romero/.m2/repository/org/apache/logging/log4j/log4j-to-slf4j/2.23.1/log4j-to-slf4j-2.23.1.jar:/home/gustavo-romero/.m2/repository/org/apache/logging/log4j/log4j-api/2.23.1/log4j-api-2.23.1.jar:/home/gustavo-romero/.m2/repository/org/slf4j/jul-to-slf4j/2.0.16/jul-to-slf4j-2.0.16.jar:/home/gustavo-romero/.m2/repository/jakarta/annotation/jakarta.annotation-api/2.1.1/jakarta.annotation-api-2.1.1.jar:/home/gustavo-romero/.m2/repository/org/yaml/snakeyaml/2.2/snakeyaml-2.2.jar:/home/gustavo-romero/.m2/repository/org/springframework/boot/spring-boot-starter-json/3.3.5/spring-boot-starter-json-3.3.5.jar:/home/gustavo-romero/.m2/repository/com/fasterxml/jackson/core/jackson-databind/2.17.2/jackson-databind-2.17.2.jar:/home/gustavo-romero/.m2/repository/com/fasterxml/jackson/core/jackson-annotations/2.17.2/jackson-annotations-2.17.2.jar:/home/gustavo-romero/.m2/repository/com/fasterxml/jackson/core/jackson-core/2.17.2/jackson-core-2.17.2.jar:/home/gustavo-romero/.m2/repository/com/fasterxml/jackson/datatype/jackson-datatype-jdk8/2.17.2/jackson-datatype-jdk8-2.17.2.jar:/home/gustavo-romero/.m2/repository/com/fasterxml/jackson/datatype/jackson-datatype-jsr310/2.17.2/jackson-datatype-jsr310-2.17.2.jar:/home/gustavo-romero/.m2/repository/com/fasterxml/jackson/module/jackson-module-parameter-names/2.17.2/jackson-module-parameter-names-2.17.2.jar:/home/gustavo-romero/.m2/repository/org/springframework/boot/spring-boot-starter-tomcat/3.3.5/spring-boot-starter-tomcat-3.3.5.jar:/home/gustavo-romero/.m2/repository/org/apache/tomcat/embed/tomcat-embed-core/10.1.31/tomcat-embed-core-10.1.31.jar:/home/gustavo-romero/.m2/repository/org/apache/tomcat/embed/tomcat-embed-el/10.1.31/tomcat-embed-el-10.1.31.jar:/home/gustavo-romero/.m2/repository/org/apache/tomcat/embed/tomcat-embed-websocket/10.1.31/tomcat-embed-websocket-10.1.31.jar:/home/gustavo-romero/.m2/repository/org/springframework/spring-web/6.1.14/spring-web-6.1.14.jar:/home/gustavo-romero/.m2/repository/org/springframework/spring-beans/6.1.14/spring-beans-6.1.14.jar:/home/gustavo-romero/.m2/repository/org/springframework/spring-webmvc/6.1.14/spring-webmvc-6.1.14.jar:/home/gustavo-romero/.m2/repository/org/springframework/spring-aop/6.1.14/spring-aop-6.1.14.jar:/home/gustavo-romero/.m2/repository/org/springframework/spring-expression/6.1.14/spring-expression-6.1.14.jar:/home/gustavo-romero/.m2/repository/org/springframework/boot/spring-boot-starter-test/3.3.5/spring-boot-starter-test-3.3.5.jar:/home/gustavo-romero/.m2/repository/org/springframework/boot/spring-boot-test/3.3.5/spring-boot-test-3.3.5.jar:/home/gustavo-romero/.m2/repository/org/springframework/boot/spring-boot-test-autoconfigure/3.3.5/spring-boot-test-autoconfigure-3.3.5.jar:/home/gustavo-romero/.m2/repository/com/jayway/jsonpath/json-path/2.9.0/json-path-2.9.0.jar:/home/gustavo-romero/.m2/repository/org/slf4j/slf4j-api/2.0.16/slf4j-api-2.0.16.jar:/home/gustavo-romero/.m2/repository/jakarta/xml/bind/jakarta.xml.bind-api/4.0.2/jakarta.xml.bind-api-4.0.2.jar:/home/gustavo-romero/.m2/repository/jakarta/activation/jakarta.activation-api/2.1.3/jakarta.activation-api-2.1.3.jar:/home/gustavo-romero/.m2/repository/net/minidev/json-smart/2.5.1/json-smart-2.5.1.jar:/home/gustavo-romero/.m2/repository/net/minidev/accessors-smart/2.5.1/accessors-smart-2.5.1.jar:/home/gustavo-romero/.m2/repository/org/assertj/assertj-core/3.25.3/assertj-core-3.25.3.jar:/home/gustavo-romero/.m2/repository/net/bytebuddy/byte-buddy/1.14.19/byte-buddy-1.14.19.jar:/home/gustavo-romero/.m2/repository/org/awaitility/awaitility/4.2.2/awaitility-4.2.2.jar:/home/gustavo-romero/.m2/repository/org/hamcrest/hamcrest/2.2/hamcrest-2.2.jar:/home/gustavo-romero/.m2/repository/org/junit/jupiter/junit-jupiter/5.10.5/junit-jupiter-5.10.5.jar:/home/gustavo-romero/.m2/repository/org/junit/jupiter/junit-jupiter-api/5.10.5/junit-jupiter-api-5.10.5.jar:/home/gustavo-romero/.m2/repository/org/opentest4j/opentest4j/1.3.0/opentest4j-1.3.0.jar:/home/gustavo-romero/.m2/repository/org/junit/platform/junit-platform-commons/1.10.5/junit-platform-commons-1.10.5.jar:/home/gustavo-romero/.m2/repository/org/apiguardian/apiguardian-api/1.1.2/apiguardian-api-1.1.2.jar:/home/gustavo-romero/.m2/repository/org/junit/jupiter/junit-jupiter-params/5.10.5/junit-jupiter-params-5.10.5.jar:/home/gustavo-romero/.m2/repository/org/junit/jupiter/junit-jupiter-engine/5.10.5/junit-jupiter-engine-5.10.5.jar:/home/gustavo-romero/.m2/repository/org/junit/platform/junit-platform-engine/1.10.5/junit-platform-engine-1.10.5.jar:/home/gustavo-romero/.m2/repository/org/mockito/mockito-core/5.11.0/mockito-core-5.11.0.jar:/home/gustavo-romero/.m2/repository/net/bytebuddy/byte-buddy-agent/1.14.19/byte-buddy-agent-1.14.19.jar:/home/gustavo-romero/.m2/repository/org/objenesis/objenesis/3.3/objenesis-3.3.jar:/home/gustavo-romero/.m2/repository/org/mockito/mockito-junit-jupiter/5.11.0/mockito-junit-jupiter-5.11.0.jar:/home/gustavo-romero/.m2/repository/org/skyscreamer/jsonassert/1.5.3/jsonassert-1.5.3.jar:/home/gustavo-romero/.m2/repository/com/vaadin/external/google/android-json/0.0.20131108.vaadin1/android-json-0.0.20131108.vaadin1.jar:/home/gustavo-romero/.m2/repository/org/springframework/spring-core/6.1.14/spring-core-6.1.14.jar:/home/gustavo-romero/.m2/repository/org/springframework/spring-jcl/6.1.14/spring-jcl-6.1.14.jar:/home/gustavo-romero/.m2/repository/org/springframework/spring-test/6.1.14/spring-test-6.1.14.jar:/home/gustavo-romero/.m2/repository/org/xmlunit/xmlunit-core/2.9.1/xmlunit-core-2.9.1.jar:/home/gustavo-romero/.m2/repository/org/springframework/boot/spring-boot-starter-data-jpa/3.3.5/spring-boot-starter-data-jpa-3.3.5.jar:/home/gustavo-romero/.m2/repository/org/springframework/boot/spring-boot-starter-aop/3.3.5/spring-boot-starter-aop-3.3.5.jar:/home/gustavo-romero/.m2/repository/org/aspectj/aspectjweaver/1.9.22.1/aspectjweaver-1.9.22.1.jar:/home/gustavo-romero/.m2/repository/org/springframework/boot/spring-boot-starter-jdbc/3.3.5/spring-boot-starter-jdbc-3.3.5.jar:/home/gustavo-romero/.m2/repository/com/zaxxer/HikariCP/5.1.0/HikariCP-5.1.0.jar:/home/gustavo-romero/.m2/repository/org/springframework/spring-jdbc/6.1.14/spring-jdbc-6.1.14.jar:/home/gustavo-romero/.m2/repository/org/hibernate/orm/hibernate-core/6.5.3.Final/hibernate-core-6.5.3.Final.jar:/home/gustavo-romero/.m2/repository/jakarta/persistence/jakarta.persistence-api/3.1.0/jakarta.persistence-api-3.1.0.jar:/home/gustavo-romero/.m2/repository/jakarta/transaction/jakarta.transaction-api/2.0.1/jakarta.transaction-api-2.0.1.jar:/home/gustavo-romero/.m2/repository/org/jboss/logging/jboss-logging/3.5.3.Final/jboss-logging-3.5.3.Final.jar:/home/gustavo-romero/.m2/repository/org/hibernate/common/hibernate-commons-annotations/6.0.6.Final/hibernate-commons-annotations-6.0.6.Final.jar:/home/gustavo-romero/.m2/repository/io/smallrye/jandex/3.1.2/jandex-3.1.2.jar:/home/gustavo-romero/.m2/repository/com/fasterxml/classmate/1.7.0/classmate-1.7.0.jar:/home/gustavo-romero/.m2/repository/org/glassfish/jaxb/jaxb-runtime/4.0.5/jaxb-runtime-4.0.5.jar:/home/gustavo-romero/.m2/repository/org/glassfish/jaxb/jaxb-core/4.0.5/jaxb-core-4.0.5.jar:/home/gustavo-romero/.m2/repository/org/eclipse/angus/angus-activation/2.0.2/angus-activation-2.0.2.jar:/home/gustavo-romero/.m2/repository/org/glassfish/jaxb/txw2/4.0.5/txw2-4.0.5.jar:/home/gustavo-romero/.m2/repository/com/sun/istack/istack-commons-runtime/4.1.2/istack-commons-runtime-4.1.2.jar:/home/gustavo-romero/.m2/repository/jakarta/inject/jakarta.inject-api/2.0.1/jakarta.inject-api-2.0.1.jar:/home/gustavo-romero/.m2/repository/org/antlr/antlr4-runtime/4.13.0/antlr4-runtime-4.13.0.jar:/home/gustavo-romero/.m2/repository/org/springframework/data/spring-data-jpa/3.3.5/spring-data-jpa-3.3.5.jar:/home/gustavo-romero/.m2/repository/org/springframework/data/spring-data-commons/3.3.5/spring-data-commons-3.3.5.jar:/home/gustavo-romero/.m2/repository/org/springframework/spring-orm/6.1.14/spring-orm-6.1.14.jar:/home/gustavo-romero/.m2/repository/org/springframework/spring-aspects/6.1.14/spring-aspects-6.1.14.jar:/home/gustavo-romero/.m2/repository/org/springframework/kafka/spring-kafka/3.2.4/spring-kafka-3.2.4.jar:/home/gustavo-romero/.m2/repository/org/springframework/spring-context/6.1.14/spring-context-6.1.14.jar:/home/gustavo-romero/.m2/repository/org/springframework/spring-messaging/6.1.14/spring-messaging-6.1.14.jar:/home/gustavo-romero/.m2/repository/org/springframework/spring-tx/6.1.14/spring-tx-6.1.14.jar:/home/gustavo-romero/.m2/repository/org/springframework/retry/spring-retry/2.0.10/spring-retry-2.0.10.jar:/home/gustavo-romero/.m2/repository/org/apache/kafka/kafka-clients/3.7.1/kafka-clients-3.7.1.jar:/home/gustavo-romero/.m2/repository/com/github/luben/zstd-jni/1.5.6-3/zstd-jni-1.5.6-3.jar:/home/gustavo-romero/.m2/repository/org/lz4/lz4-java/1.8.0/lz4-java-1.8.0.jar:/home/gustavo-romero/.m2/repository/org/xerial/snappy/snappy-java/1.1.10.5/snappy-java-1.1.10.5.jar:/home/gustavo-romero/.m2/repository/io/micrometer/micrometer-observation/1.13.6/micrometer-observation-1.13.6.jar:/home/gustavo-romero/.m2/repository/io/micrometer/micrometer-commons/1.13.6/micrometer-commons-1.13.6.jar:/home/gustavo-romero/.m2/repository/com/oracle/database/jdbc/ojdbc8/21.9.0.0/ojdbc8-21.9.0.0.jar:/home/gustavo-romero/.m2/repository/com/oracle/database/security/oraclepki/21.9.0.0/oraclepki-21.9.0.0.jar:/home/gustavo-romero/.m2/repository/com/oracle/database/security/osdt_cert/21.9.0.0/osdt_cert-21.9.0.0.jar:/home/gustavo-romero/.m2/repository/com/oracle/database/security/osdt_core/21.9.0.0/osdt_core-21.9.0.0.jar:/home/gustavo-romero/.m2/repository/org/jacoco/jacoco-maven-plugin/0.8.12/jacoco-maven-plugin-0.8.12.jar:/home/gustavo-romero/.m2/repository/org/codehaus/plexus/plexus-utils/3.0.24/plexus-utils-3.0.24.jar:/home/gustavo-romero/.m2/repository/org/apache/maven/shared/file-management/3.1.0/file-management-3.1.0.jar:/home/gustavo-romero/.m2/repository/commons-io/commons-io/2.11.0/commons-io-2.11.0.jar:/home/gustavo-romero/.m2/repository/org/apache/maven/reporting/maven-reporting-api/3.0/maven-reporting-api-3.0.jar:/home/gustavo-romero/.m2/repository/org/apache/maven/doxia/doxia-sink-api/1.0/doxia-sink-api-1.0.jar:/home/gustavo-romero/.m2/repository/org/jacoco/org.jacoco.agent/0.8.12/org.jacoco.agent-0.8.12-runtime.jar:/home/gustavo-romero/.m2/repository/org/jacoco/org.jacoco.core/0.8.12/org.jacoco.core-0.8.12.jar:/home/gustavo-romero/.m2/repository/org/ow2/asm/asm/9.7/asm-9.7.jar:/home/gustavo-romero/.m2/repository/org/ow2/asm/asm-commons/9.7/asm-commons-9.7.jar:/home/gustavo-romero/.m2/repository/org/ow2/asm/asm-tree/9.7/asm-tree-9.7.jar:/home/gustavo-romero/.m2/repository/org/jacoco/org.jacoco.report/0.8.12/org.jacoco.report-0.8.12.jar:/home/gustavo-romero/.m2/repository/org/springframework/boot/spring-boot-starter-amqp/3.3.5/spring-boot-starter-amqp-3.3.5.jar:/home/gustavo-romero/.m2/repository/org/springframework/amqp/spring-rabbit/3.1.7/spring-rabbit-3.1.7.jar:/home/gustavo-romero/.m2/repository/org/springframework/amqp/spring-amqp/3.1.7/spring-amqp-3.1.7.jar:/home/gustavo-romero/.m2/repository/com/rabbitmq/amqp-client/5.21.0/amqp-client-5.21.0.jar:"/>
    <property name="sun.cpu.endian" value="little"/>
    <property name="user.home" value="/home/gustavo-romero"/>
    <property name="user.language" value="es"/>
    <property name="java.specification.vendor" value="Oracle Corporation"/>
    <property name="java.version.date" value="2024-10-15"/>
    <property name="java.home" value="/home/gustavo-romero/.sdkman/candidates/java/21.0.5-amzn"/>
    <property name="file.separator" value="/"/>
    <property name="basedir" value="/home/gustavo-romero/Documentos/Ingeniería en desarrollo de software/Bimestre V/Desarrollo Cloud Native I/Git/kafka/medical"/>
    <property name="java.vm.compressedOopsMode" value="Zero based"/>
    <property name="line.separator" value="&#10;"/>
    <property name="java.vm.specification.vendor" value="Oracle Corporation"/>
    <property name="java.specification.name" value="Java Platform API Specification"/>
    <property name="FILE_LOG_CHARSET" value="UTF-8"/>
    <property name="java.awt.headless" value="true"/>
    <property name="surefire.real.class.path" value="/home/gustavo-romero/Documentos/Ingeniería en desarrollo de software/Bimestre V/Desarrollo Cloud Native I/Git/kafka/medical/target/surefire/surefirebooter-20250216132647469_3.jar"/>
    <property name="sun.management.compiler" value="HotSpot 64-Bit Tiered Compilers"/>
    <property name="java.runtime.version" value="21.0.5+11-LTS"/>
    <property name="user.name" value="gustavo-romero"/>
    <property name="stdout.encoding" value="UTF-8"/>
    <property name="path.separator" value=":"/>
    <property name="os.version" value="6.8.0-52-generic"/>
    <property name="java.runtime.name" value="OpenJDK Runtime Environment"/>
    <property name="file.encoding" value="UTF-8"/>
    <property name="java.vm.name" value="OpenJDK 64-Bit Server VM"/>
    <property name="java.vendor.version" value="Corretto-21.0.5.11.1"/>
    <property name="localRepository" value="/home/gustavo-romero/.m2/repository"/>
    <property name="java.vendor.url.bug" value="https://github.com/corretto/corretto-21/issues/"/>
    <property name="java.io.tmpdir" value="/tmp"/>
    <property name="com.zaxxer.hikari.pool_number" value="1"/>
    <property name="java.version" value="21.0.5"/>
    <property name="user.dir" value="/home/gustavo-romero/Documentos/Ingeniería en desarrollo de software/Bimestre V/Desarrollo Cloud Native I/Git/kafka/medical"/>
    <property name="os.arch" value="amd64"/>
    <property name="java.vm.specification.name" value="Java Virtual Machine Specification"/>
    <property name="PID" value="206909"/>
    <property name="CONSOLE_LOG_CHARSET" value="UTF-8"/>
    <property name="native.encoding" value="UTF-8"/>
    <property name="java.library.path" value="/usr/java/packages/lib:/usr/lib64:/lib64:/lib:/usr/lib"/>
    <property name="java.vm.info" value="mixed mode, sharing"/>
    <property name="stderr.encoding" value="UTF-8"/>
    <property name="java.vendor" value="Amazon.com Inc."/>
    <property name="java.vm.version" value="21.0.5+11-LTS"/>
    <property name="sun.io.unicode.encoding" value="UnicodeLittle"/>
    <property name="java.class.version" value="65.0"/>
    <property name="LOGGED_APPLICATION_NAME" value="[medical] "/>
  </properties>
  <testcase name="contextLoads" classname="com.duoc.medical.MedicalApplicationTests" time="0.42">
    <system-out><![CDATA[13:26:48.101 [main] INFO org.springframework.test.context.support.AnnotationConfigContextLoaderUtils -- Could not detect default configuration classes for test class [com.duoc.medical.MedicalApplicationTests]: MedicalApplicationTests does not declare any static, non-private, non-final, nested classes annotated with @Configuration.
13:26:48.239 [main] INFO org.springframework.boot.test.context.SpringBootTestContextBootstrapper -- Found @SpringBootConfiguration com.duoc.medical.MedicalApplication for test class com.duoc.medical.MedicalApplicationTests

  .   ____          _            __ _ _
 /\\ / ___'_ __ _ _(_)_ __  __ _ \ \ \ \
( ( )\___ | '_ | '_| | '_ \/ _` | \ \ \ \
 \\/  ___)| |_)| | | | | || (_| |  ) ) ) )
  '  |____| .__|_| |_|_| |_\__, | / / / /
 =========|_|==============|___/=/_/_/_/

 :: Spring Boot ::                (v3.3.5)

2025-02-16T13:26:48.566-03:00  INFO 206909 --- [medical] [           main] c.duoc.medical.MedicalApplicationTests   : Starting MedicalApplicationTests using Java 21.0.5 with PID 206909 (started by gustavo-romero in /home/gustavo-romero/Documentos/Ingeniería en desarrollo de software/Bimestre V/Desarrollo Cloud Native I/Git/kafka/medical)
2025-02-16T13:26:48.567-03:00  INFO 206909 --- [medical] [           main] c.duoc.medical.MedicalApplicationTests   : No active profile set, falling back to 1 default profile: "default"
2025-02-16T13:26:49.248-03:00  INFO 206909 --- [medical] [           main] .s.d.r.c.RepositoryConfigurationDelegate : Bootstrapping Spring Data JPA repositories in DEFAULT mode.
2025-02-16T13:26:49.296-03:00  INFO 206909 --- [medical] [           main] .s.d.r.c.RepositoryConfigurationDelegate : Finished Spring Data repository scanning in 42 ms. Found 2 JPA repository interfaces.
2025-02-16T13:26:49.889-03:00  INFO 206909 --- [medical] [           main] o.hibernate.jpa.internal.util.LogHelper  : HHH000204: Processing PersistenceUnitInfo [name: default]
2025-02-16T13:26:49.928-03:00  INFO 206909 --- [medical] [           main] org.hibernate.Version                    : HHH000412: Hibernate ORM core version 6.5.3.Final
2025-02-16T13:26:49.968-03:00  INFO 206909 --- [medical] [           main] o.h.c.internal.RegionFactoryInitiator    : HHH000026: Second-level cache disabled
2025-02-16T13:26:50.236-03:00  INFO 206909 --- [medical] [           main] o.s.o.j.p.SpringPersistenceUnitInfo      : No LoadTimeWeaver setup: ignoring JPA class transformer
2025-02-16T13:26:50.260-03:00  INFO 206909 --- [medical] [           main] com.zaxxer.hikari.HikariDataSource       : HikariPool-1 - Starting...
2025-02-16T13:26:51.288-03:00  INFO 206909 --- [medical] [           main] com.zaxxer.hikari.pool.HikariPool        : HikariPool-1 - Added connection oracle.jdbc.driver.T4CConnection@770cae59
2025-02-16T13:26:51.289-03:00  INFO 206909 --- [medical] [           main] com.zaxxer.hikari.HikariDataSource       : HikariPool-1 - Start completed.
2025-02-16T13:26:52.192-03:00  INFO 206909 --- [medical] [           main] o.h.e.t.j.p.i.JtaPlatformInitiator       : HHH000489: No JTA platform available (set 'hibernate.transaction.jta.platform' to enable JTA platform integration)
2025-02-16T13:26:53.623-03:00  INFO 206909 --- [medical] [           main] j.LocalContainerEntityManagerFactoryBean : Initialized JPA EntityManagerFactory for persistence unit 'default'
2025-02-16T13:26:53.928-03:00  INFO 206909 --- [medical] [           main] o.s.d.j.r.query.QueryEnhancerFactory     : Hibernate is in classpath; If applicable, HQL parser will be used.
2025-02-16T13:26:54.598-03:00  WARN 206909 --- [medical] [           main] JpaBaseConfiguration$JpaWebConfiguration : spring.jpa.open-in-view is enabled by default. Therefore, database queries may be performed during view rendering. Explicitly configure spring.jpa.open-in-view to disable this warning
2025-02-16T13:26:54.954-03:00  INFO 206909 --- [medical] [           main] o.s.a.r.c.CachingConnectionFactory       : Attempting to connect to: [rabbit:5672]
2025-02-16T13:26:54.958-03:00  INFO 206909 --- [medical] [           main] o.s.a.r.l.SimpleMessageListenerContainer : Broker not available; cannot force queue declarations during start: java.net.UnknownHostException: rabbit: Fallo temporal en la resolución del nombre
2025-02-16T13:26:54.967-03:00  INFO 206909 --- [medical] [ntContainer#0-1] o.s.a.r.c.CachingConnectionFactory       : Attempting to connect to: [rabbit:5672]
2025-02-16T13:26:54.979-03:00  INFO 206909 --- [medical] [           main] c.duoc.medical.MedicalApplicationTests   : Started MedicalApplicationTests in 6.612 seconds (process running for 7.449)
2025-02-16T13:26:55.145-03:00  INFO 206909 --- [medical] [   scheduling-1] o.s.a.r.c.CachingConnectionFactory       : Attempting to connect to: [rabbit:5672]
]]></system-out>
    <system-err><![CDATA[org.springframework.amqp.AmqpIOException: java.net.UnknownHostException: rabbit
	at org.springframework.amqp.rabbit.support.RabbitExceptionTranslator.convertRabbitAccessException(RabbitExceptionTranslator.java:70)
	at org.springframework.amqp.rabbit.connection.AbstractConnectionFactory.createBareConnection(AbstractConnectionFactory.java:622)
	at org.springframework.amqp.rabbit.connection.CachingConnectionFactory.createConnection(CachingConnectionFactory.java:726)
	at org.springframework.amqp.rabbit.connection.ConnectionFactoryUtils.createConnection(ConnectionFactoryUtils.java:257)
	at org.springframework.amqp.rabbit.core.RabbitTemplate.doExecute(RabbitTemplate.java:2249)
	at org.springframework.amqp.rabbit.core.RabbitTemplate.execute(RabbitTemplate.java:2222)
	at org.springframework.amqp.rabbit.core.RabbitTemplate.send(RabbitTemplate.java:1122)
	at org.springframework.amqp.rabbit.core.RabbitTemplate.convertAndSend(RabbitTemplate.java:1188)
	at org.springframework.amqp.rabbit.core.RabbitTemplate.convertAndSend(RabbitTemplate.java:1181)
	at com.duoc.medical.services.RabbitProducerService.sendSummary(RabbitProducerService.java:21)
	at com.duoc.medical.services.VitalSignScheduler.sendVitalSignsToQueue(VitalSignScheduler.java:47)
	at java.base/jdk.internal.reflect.DirectMethodHandleAccessor.invoke(DirectMethodHandleAccessor.java:103)
	at java.base/java.lang.reflect.Method.invoke(Method.java:580)
	at org.springframework.scheduling.support.ScheduledMethodRunnable.runInternal(ScheduledMethodRunnable.java:130)
	at org.springframework.scheduling.support.ScheduledMethodRunnable.lambda$run$2(ScheduledMethodRunnable.java:124)
	at io.micrometer.observation.Observation.observe(Observation.java:499)
	at org.springframework.scheduling.support.ScheduledMethodRunnable.run(ScheduledMethodRunnable.java:124)
	at org.springframework.scheduling.support.DelegatingErrorHandlingRunnable.run(DelegatingErrorHandlingRunnable.java:54)
	at java.base/java.util.concurrent.Executors$RunnableAdapter.call(Executors.java:572)
	at java.base/java.util.concurrent.FutureTask.runAndReset(FutureTask.java:358)
	at java.base/java.util.concurrent.ScheduledThreadPoolExecutor$ScheduledFutureTask.run(ScheduledThreadPoolExecutor.java:305)
	at java.base/java.util.concurrent.ThreadPoolExecutor.runWorker(ThreadPoolExecutor.java:1144)
	at java.base/java.util.concurrent.ThreadPoolExecutor$Worker.run(ThreadPoolExecutor.java:642)
	at java.base/java.lang.Thread.run(Thread.java:1583)
Caused by: java.net.UnknownHostException: rabbit
	at java.base/java.net.InetAddress$CachedLookup.get(InetAddress.java:988)
	at java.base/java.net.InetAddress.getAllByName0(InetAddress.java:1818)
	at java.base/java.net.InetAddress.getAllByName(InetAddress.java:1688)
	at com.rabbitmq.client.DnsRecordIpAddressResolver.resolveIpAddresses(DnsRecordIpAddressResolver.java:83)
	at com.rabbitmq.client.DnsRecordIpAddressResolver.getAddresses(DnsRecordIpAddressResolver.java:73)
	at com.rabbitmq.client.ConnectionFactory.newConnection(ConnectionFactory.java:1245)
	at com.rabbitmq.client.ConnectionFactory.newConnection(ConnectionFactory.java:1198)
	at org.springframework.amqp.rabbit.connection.AbstractConnectionFactory.connectAddresses(AbstractConnectionFactory.java:668)
	at org.springframework.amqp.rabbit.connection.AbstractConnectionFactory.connect(AbstractConnectionFactory.java:637)
	at org.springframework.amqp.rabbit.connection.AbstractConnectionFactory.createBareConnection(AbstractConnectionFactory.java:584)
	... 22 more
WARNING: A Java agent has been loaded dynamically (/home/gustavo-romero/.m2/repository/net/bytebuddy/byte-buddy-agent/1.14.19/byte-buddy-agent-1.14.19.jar)
WARNING: If a serviceability tool is in use, please run with -XX:+EnableDynamicAgentLoading to hide this warning
WARNING: If a serviceability tool is not in use, please run with -Djdk.instrument.traceUsage for more information
WARNING: Dynamic loading of agents will be disallowed by default in a future release
]]></system-err>
  </testcase>
</testsuite>